TN:
SF:tests\coverage-src\controllers.js
FN:3,(anonymous_0)
FN:45,(anonymous_1)
FN:70,(anonymous_2)
FN:104,(anonymous_3)
FN:126,(anonymous_4)
FN:152,(anonymous_5)
FN:194,(anonymous_6)
FN:217,(anonymous_7)
FN:239,(anonymous_8)
FN:263,(anonymous_9)
FN:288,(anonymous_10)
FN:314,(anonymous_11)
FN:337,(anonymous_12)
FNF:13
FNH:13
FNDA:3,(anonymous_0)
FNDA:1,(anonymous_1)
FNDA:4,(anonymous_2)
FNDA:1,(anonymous_3)
FNDA:1,(anonymous_4)
FNDA:1,(anonymous_5)
FNDA:1,(anonymous_6)
FNDA:1,(anonymous_7)
FNDA:1,(anonymous_8)
FNDA:1,(anonymous_9)
FNDA:1,(anonymous_10)
FNDA:1,(anonymous_11)
FNDA:1,(anonymous_12)
DA:3,1
DA:4,3
DA:5,3
DA:8,3
DA:9,0
DA:13,3
DA:14,3
DA:15,0
DA:19,3
DA:20,0
DA:24,3
DA:32,3
DA:41,0
DA:45,1
DA:46,1
DA:47,1
DA:49,1
DA:50,0
DA:54,1
DA:60,1
DA:66,0
DA:70,1
DA:71,4
DA:72,4
DA:74,4
DA:82,4
DA:83,2
DA:86,4
DA:91,4
DA:100,0
DA:104,1
DA:105,1
DA:106,1
DA:117,1
DA:122,0
DA:126,1
DA:127,1
DA:128,1
DA:130,1
DA:139,1
DA:140,0
DA:143,1
DA:148,0
DA:152,1
DA:153,1
DA:154,1
DA:155,1
DA:158,1
DA:164,1
DA:165,0
DA:169,1
DA:180,1
DA:185,1
DA:190,0
DA:194,1
DA:195,1
DA:196,1
DA:198,1
DA:208,1
DA:213,0
DA:217,1
DA:218,1
DA:219,1
DA:225,1
DA:230,1
DA:235,0
DA:239,1
DA:240,1
DA:241,1
DA:242,1
DA:244,1
DA:250,1
DA:251,0
DA:254,1
DA:259,0
DA:263,1
DA:264,1
DA:265,1
DA:266,1
DA:268,1
DA:275,1
DA:276,0
DA:279,1
DA:284,0
DA:288,1
DA:289,1
DA:290,1
DA:305,1
DA:310,0
DA:314,1
DA:315,1
DA:316,1
DA:318,1
DA:324,1
DA:325,0
DA:328,1
DA:333,0
DA:337,1
DA:338,1
DA:339,1
DA:340,1
DA:342,1
DA:348,1
DA:349,0
DA:352,1
DA:357,0
DA:361,1
LF:107
LH:84
BRDA:8,0,0,0
BRDA:8,0,1,3
BRDA:8,1,0,3
BRDA:8,1,1,3
BRDA:8,1,2,3
BRDA:14,2,0,0
BRDA:14,2,1,3
BRDA:19,3,0,0
BRDA:19,3,1,3
BRDA:28,4,0,3
BRDA:28,4,1,1
BRDA:49,5,0,0
BRDA:49,5,1,1
BRDA:49,6,0,1
BRDA:49,6,1,1
BRDA:82,7,0,2
BRDA:82,7,1,2
BRDA:82,8,0,4
BRDA:82,8,1,3
BRDA:139,9,0,0
BRDA:139,9,1,1
BRDA:164,10,0,0
BRDA:164,10,1,1
BRDA:250,11,0,0
BRDA:250,11,1,1
BRDA:275,12,0,0
BRDA:275,12,1,1
BRDA:324,13,0,0
BRDA:324,13,1,1
BRDA:348,14,0,0
BRDA:348,14,1,1
BRF:31
BRH:21
end_of_record
TN:
SF:tests\coverage-src\validation.js
FN:3,(anonymous_0)
FN:8,(anonymous_1)
FN:12,(anonymous_2)
FN:20,(anonymous_3)
FN:25,(anonymous_4)
FN:30,(anonymous_5)
FN:34,(anonymous_6)
FN:38,(anonymous_7)
FN:43,(anonymous_8)
FN:48,(anonymous_9)
FN:53,(anonymous_10)
FN:58,(anonymous_11)
FN:65,(anonymous_12)
FN:74,(anonymous_13)
FN:75,(anonymous_14)
FN:82,(anonymous_15)
FN:86,(anonymous_16)
FN:90,(anonymous_17)
FN:98,(anonymous_18)
FN:105,(anonymous_19)
FN:110,(anonymous_20)
FN:115,(anonymous_21)
FN:119,(anonymous_22)
FNF:23
FNH:23
FNDA:6,(anonymous_0)
FNDA:5,(anonymous_1)
FNDA:5,(anonymous_2)
FNDA:4,(anonymous_3)
FNDA:4,(anonymous_4)
FNDA:4,(anonymous_5)
FNDA:6,(anonymous_6)
FNDA:5,(anonymous_7)
FNDA:3,(anonymous_8)
FNDA:6,(anonymous_9)
FNDA:6,(anonymous_10)
FNDA:5,(anonymous_11)
FNDA:4,(anonymous_12)
FNDA:2,(anonymous_13)
FNDA:6,(anonymous_14)
FNDA:2,(anonymous_15)
FNDA:2,(anonymous_16)
FNDA:3,(anonymous_17)
FNDA:2,(anonymous_18)
FNDA:3,(anonymous_19)
FNDA:3,(anonymous_20)
FNDA:1,(anonymous_21)
FNDA:1,(anonymous_22)
DA:3,1
DA:4,6
DA:5,6
DA:8,1
DA:9,5
DA:12,1
DA:13,5
DA:20,1
DA:21,4
DA:22,4
DA:25,1
DA:26,4
DA:27,4
DA:30,1
DA:31,4
DA:34,1
DA:35,6
DA:38,1
DA:39,5
DA:40,5
DA:43,1
DA:44,3
DA:45,3
DA:48,1
DA:49,6
DA:50,6
DA:53,1
DA:54,6
DA:55,6
DA:58,1
DA:59,5
DA:60,2
DA:62,3
DA:65,1
DA:66,4
DA:67,1
DA:69,3
DA:74,1
DA:75,6
DA:76,2
DA:82,1
DA:83,2
DA:86,1
DA:87,2
DA:90,1
DA:91,3
DA:92,3
DA:93,3
DA:95,3
DA:98,1
DA:99,2
DA:100,2
DA:101,2
DA:102,2
DA:105,1
DA:106,3
DA:107,3
DA:110,1
DA:111,3
DA:112,3
DA:115,1
DA:116,1
DA:119,1
DA:120,1
DA:123,1
LF:65
LH:65
BRDA:9,0,0,5
BRDA:9,0,1,2
BRDA:9,0,2,1
BRDA:13,1,0,5
BRDA:13,1,1,4
BRDA:13,1,2,2
BRDA:13,1,3,1
BRDA:13,1,4,1
BRDA:27,2,0,4
BRDA:27,2,1,3
BRDA:31,3,0,4
BRDA:31,3,1,2
BRDA:35,4,0,6
BRDA:35,4,1,5
BRDA:35,4,2,4
BRDA:59,5,0,2
BRDA:59,5,1,3
BRDA:59,6,0,5
BRDA:59,6,1,4
BRDA:66,7,0,1
BRDA:66,7,1,3
BRDA:66,8,0,4
BRDA:66,8,1,3
BRDA:66,8,2,3
BRDA:69,9,0,3
BRDA:69,9,1,2
BRDA:69,9,2,2
BRDA:95,10,0,3
BRDA:95,10,1,2
BRF:29
BRH:29
end_of_record
