{"C:\\Users\\ACER\\Downloads\\Alquiler-Autos\\Rent-a-Ride-main\\client\\src\\utils\\validation.js": {"path":"C:\\Users\\ACER\\Downloads\\Alquiler-Autos\\Rent-a-Ride-main\\client\\src\\utils\\validation.js","all":false,"statementMap":{"0":{"start":{"line":1,"column":0},"end":{"line":1,"column":56}},"1":{"start":{"line":2,"column":0},"end":{"line":2,"column":41}},"2":{"start":{"line":3,"column":0},"end":{"line":3,"column":56}},"3":{"start":{"line":4,"column":0},"end":{"line":4,"column":42}},"4":{"start":{"line":5,"column":0},"end":{"line":5,"column":66}},"5":{"start":{"line":6,"column":0},"end":{"line":6,"column":56}},"6":{"start":{"line":7,"column":0},"end":{"line":7,"column":0}},"7":{"start":{"line":8,"column":0},"end":{"line":8,"column":29}},"8":{"start":{"line":9,"column":0},"end":{"line":9,"column":41}},"9":{"start":{"line":10,"column":0},"end":{"line":10,"column":36}},"10":{"start":{"line":11,"column":0},"end":{"line":11,"column":32}},"11":{"start":{"line":12,"column":0},"end":{"line":12,"column":2}},"12":{"start":{"line":13,"column":0},"end":{"line":13,"column":0}},"13":{"start":{"line":14,"column":0},"end":{"line":14,"column":34}},"14":{"start":{"line":15,"column":0},"end":{"line":15,"column":47}},"15":{"start":{"line":16,"column":0},"end":{"line":16,"column":51}},"16":{"start":{"line":17,"column":0},"end":{"line":17,"column":2}},"17":{"start":{"line":18,"column":0},"end":{"line":18,"column":0}},"18":{"start":{"line":19,"column":0},"end":{"line":19,"column":42}},"19":{"start":{"line":20,"column":0},"end":{"line":20,"column":47}},"20":{"start":{"line":21,"column":0},"end":{"line":21,"column":32}},"21":{"start":{"line":22,"column":0},"end":{"line":22,"column":32}},"22":{"start":{"line":23,"column":0},"end":{"line":23,"column":2}},"23":{"start":{"line":24,"column":0},"end":{"line":24,"column":0}},"24":{"start":{"line":25,"column":0},"end":{"line":25,"column":32}},"25":{"start":{"line":26,"column":0},"end":{"line":26,"column":39}},"26":{"start":{"line":27,"column":0},"end":{"line":27,"column":41}},"27":{"start":{"line":28,"column":0},"end":{"line":28,"column":41}},"28":{"start":{"line":29,"column":0},"end":{"line":29,"column":22}},"29":{"start":{"line":30,"column":0},"end":{"line":30,"column":20}},"30":{"start":{"line":31,"column":0},"end":{"line":31,"column":28}},"31":{"start":{"line":32,"column":0},"end":{"line":32,"column":19}},"32":{"start":{"line":33,"column":0},"end":{"line":33,"column":2}},"33":{"start":{"line":34,"column":0},"end":{"line":34,"column":0}},"34":{"start":{"line":35,"column":0},"end":{"line":35,"column":42}},"35":{"start":{"line":36,"column":0},"end":{"line":36,"column":54}},"36":{"start":{"line":37,"column":0},"end":{"line":37,"column":39}},"37":{"start":{"line":38,"column":0},"end":{"line":38,"column":36}},"38":{"start":{"line":39,"column":0},"end":{"line":39,"column":32}},"39":{"start":{"line":40,"column":0},"end":{"line":40,"column":41}},"40":{"start":{"line":41,"column":0},"end":{"line":41,"column":53}},"41":{"start":{"line":42,"column":0},"end":{"line":42,"column":2}},"42":{"start":{"line":43,"column":0},"end":{"line":43,"column":0}},"43":{"start":{"line":44,"column":0},"end":{"line":44,"column":41}},"44":{"start":{"line":45,"column":0},"end":{"line":45,"column":66}},"45":{"start":{"line":46,"column":0},"end":{"line":46,"column":48}},"46":{"start":{"line":47,"column":0},"end":{"line":47,"column":38}},"47":{"start":{"line":48,"column":0},"end":{"line":48,"column":40}},"48":{"start":{"line":49,"column":0},"end":{"line":49,"column":27}},"49":{"start":{"line":50,"column":0},"end":{"line":50,"column":29}},"50":{"start":{"line":51,"column":0},"end":{"line":51,"column":2}},"51":{"start":{"line":52,"column":0},"end":{"line":52,"column":45}},"52":{"start":{"line":53,"column":0},"end":{"line":53,"column":2}},"53":{"start":{"line":54,"column":0},"end":{"line":54,"column":0}},"54":{"start":{"line":55,"column":0},"end":{"line":55,"column":32}},"55":{"start":{"line":56,"column":0},"end":{"line":56,"column":33}},"56":{"start":{"line":57,"column":0},"end":{"line":57,"column":49}},"57":{"start":{"line":58,"column":0},"end":{"line":58,"column":2}},"58":{"start":{"line":59,"column":0},"end":{"line":59,"column":0}},"59":{"start":{"line":60,"column":0},"end":{"line":60,"column":41}},"60":{"start":{"line":61,"column":0},"end":{"line":61,"column":57}},"61":{"start":{"line":62,"column":0},"end":{"line":62,"column":27}},"62":{"start":{"line":63,"column":0},"end":{"line":63,"column":27}},"63":{"start":{"line":64,"column":0},"end":{"line":64,"column":63}},"64":{"start":{"line":65,"column":0},"end":{"line":65,"column":32}},"65":{"start":{"line":66,"column":0},"end":{"line":66,"column":5}},"66":{"start":{"line":67,"column":0},"end":{"line":67,"column":5}},"67":{"start":{"line":68,"column":0},"end":{"line":68,"column":10}},"68":{"start":{"line":69,"column":0},"end":{"line":69,"column":40}},"69":{"start":{"line":70,"column":0},"end":{"line":70,"column":17}},"70":{"start":{"line":71,"column":0},"end":{"line":71,"column":4}},"71":{"start":{"line":72,"column":0},"end":{"line":72,"column":2}},"72":{"start":{"line":73,"column":0},"end":{"line":73,"column":0}},"73":{"start":{"line":74,"column":0},"end":{"line":74,"column":45}},"74":{"start":{"line":75,"column":0},"end":{"line":75,"column":59}},"75":{"start":{"line":76,"column":0},"end":{"line":76,"column":51}},"76":{"start":{"line":77,"column":0},"end":{"line":77,"column":53}},"77":{"start":{"line":78,"column":0},"end":{"line":78,"column":3}},"78":{"start":{"line":79,"column":0},"end":{"line":79,"column":44}},"79":{"start":{"line":80,"column":0},"end":{"line":80,"column":2}},"80":{"start":{"line":81,"column":0},"end":{"line":81,"column":0}},"81":{"start":{"line":82,"column":0},"end":{"line":82,"column":31}},"82":{"start":{"line":83,"column":0},"end":{"line":83,"column":37}},"83":{"start":{"line":84,"column":0},"end":{"line":84,"column":23}},"84":{"start":{"line":85,"column":0},"end":{"line":85,"column":52}},"85":{"start":{"line":86,"column":0},"end":{"line":86,"column":2}},"86":{"start":{"line":87,"column":0},"end":{"line":87,"column":0}},"87":{"start":{"line":88,"column":0},"end":{"line":88,"column":41}},"88":{"start":{"line":89,"column":0},"end":{"line":89,"column":41}},"89":{"start":{"line":90,"column":0},"end":{"line":90,"column":103}},"90":{"start":{"line":91,"column":0},"end":{"line":91,"column":37}},"91":{"start":{"line":92,"column":0},"end":{"line":92,"column":2}},"92":{"start":{"line":93,"column":0},"end":{"line":93,"column":0}},"93":{"start":{"line":94,"column":0},"end":{"line":94,"column":43}},"94":{"start":{"line":95,"column":0},"end":{"line":95,"column":47}},"95":{"start":{"line":96,"column":0},"end":{"line":96,"column":68}},"96":{"start":{"line":97,"column":0},"end":{"line":97,"column":39}},"97":{"start":{"line":98,"column":0},"end":{"line":98,"column":2}},"98":{"start":{"line":99,"column":0},"end":{"line":99,"column":0}},"99":{"start":{"line":100,"column":0},"end":{"line":100,"column":35}},"100":{"start":{"line":101,"column":0},"end":{"line":101,"column":55}},"101":{"start":{"line":102,"column":0},"end":{"line":102,"column":46}},"102":{"start":{"line":103,"column":0},"end":{"line":103,"column":43}},"103":{"start":{"line":104,"column":0},"end":{"line":104,"column":2}},"104":{"start":{"line":105,"column":0},"end":{"line":105,"column":0}},"105":{"start":{"line":106,"column":0},"end":{"line":106,"column":42}},"106":{"start":{"line":107,"column":0},"end":{"line":107,"column":41}},"107":{"start":{"line":108,"column":0},"end":{"line":108,"column":35}},"108":{"start":{"line":109,"column":0},"end":{"line":109,"column":40}},"109":{"start":{"line":110,"column":0},"end":{"line":110,"column":2}},"110":{"start":{"line":111,"column":0},"end":{"line":111,"column":0}},"111":{"start":{"line":112,"column":0},"end":{"line":112,"column":41}},"112":{"start":{"line":113,"column":0},"end":{"line":113,"column":50}},"113":{"start":{"line":114,"column":0},"end":{"line":114,"column":79}},"114":{"start":{"line":115,"column":0},"end":{"line":115,"column":40}},"115":{"start":{"line":116,"column":0},"end":{"line":116,"column":2}},"116":{"start":{"line":117,"column":0},"end":{"line":117,"column":0}},"117":{"start":{"line":118,"column":0},"end":{"line":118,"column":42}},"118":{"start":{"line":119,"column":0},"end":{"line":119,"column":50}},"119":{"start":{"line":120,"column":0},"end":{"line":120,"column":60}},"120":{"start":{"line":121,"column":0},"end":{"line":121,"column":40}},"121":{"start":{"line":122,"column":0},"end":{"line":122,"column":2}},"122":{"start":{"line":123,"column":0},"end":{"line":123,"column":0}},"123":{"start":{"line":124,"column":0},"end":{"line":124,"column":33}},"124":{"start":{"line":125,"column":0},"end":{"line":125,"column":47}},"125":{"start":{"line":126,"column":0},"end":{"line":126,"column":57}},"126":{"start":{"line":127,"column":0},"end":{"line":127,"column":2}},"127":{"start":{"line":128,"column":0},"end":{"line":128,"column":0}},"128":{"start":{"line":129,"column":0},"end":{"line":129,"column":37}},"129":{"start":{"line":130,"column":0},"end":{"line":130,"column":59}},"130":{"start":{"line":131,"column":0},"end":{"line":131,"column":71}},"131":{"start":{"line":132,"column":0},"end":{"line":132,"column":28}},"132":{"start":{"line":133,"column":0},"end":{"line":133,"column":2}},"133":{"start":{"line":134,"column":0},"end":{"line":134,"column":0}},"134":{"start":{"line":135,"column":0},"end":{"line":135,"column":52}},"135":{"start":{"line":136,"column":0},"end":{"line":136,"column":67}},"136":{"start":{"line":137,"column":0},"end":{"line":137,"column":45}},"137":{"start":{"line":138,"column":0},"end":{"line":138,"column":70}},"138":{"start":{"line":139,"column":0},"end":{"line":139,"column":2}},"139":{"start":{"line":140,"column":0},"end":{"line":140,"column":0}},"140":{"start":{"line":141,"column":0},"end":{"line":141,"column":42}},"141":{"start":{"line":142,"column":0},"end":{"line":142,"column":39}},"142":{"start":{"line":143,"column":0},"end":{"line":143,"column":47}},"143":{"start":{"line":144,"column":0},"end":{"line":144,"column":33}},"144":{"start":{"line":145,"column":0},"end":{"line":145,"column":55}},"145":{"start":{"line":146,"column":0},"end":{"line":146,"column":2}},"146":{"start":{"line":147,"column":0},"end":{"line":147,"column":0}},"147":{"start":{"line":148,"column":0},"end":{"line":148,"column":30}},"148":{"start":{"line":149,"column":0},"end":{"line":149,"column":41}},"149":{"start":{"line":150,"column":0},"end":{"line":150,"column":37}},"150":{"start":{"line":151,"column":0},"end":{"line":151,"column":66}},"151":{"start":{"line":152,"column":0},"end":{"line":152,"column":2}},"152":{"start":{"line":153,"column":0},"end":{"line":153,"column":0}},"153":{"start":{"line":154,"column":0},"end":{"line":154,"column":39}},"154":{"start":{"line":155,"column":0},"end":{"line":155,"column":48}},"155":{"start":{"line":156,"column":0},"end":{"line":156,"column":60}},"156":{"start":{"line":157,"column":0},"end":{"line":157,"column":32}},"157":{"start":{"line":158,"column":0},"end":{"line":158,"column":2}},"158":{"start":{"line":159,"column":0},"end":{"line":159,"column":0}},"159":{"start":{"line":160,"column":0},"end":{"line":160,"column":42}},"160":{"start":{"line":161,"column":0},"end":{"line":161,"column":48}},"161":{"start":{"line":162,"column":0},"end":{"line":162,"column":81}},"162":{"start":{"line":163,"column":0},"end":{"line":163,"column":2}},"163":{"start":{"line":164,"column":0},"end":{"line":164,"column":0}},"164":{"start":{"line":165,"column":0},"end":{"line":165,"column":41}},"165":{"start":{"line":166,"column":0},"end":{"line":166,"column":48}},"166":{"start":{"line":167,"column":0},"end":{"line":167,"column":120}},"167":{"start":{"line":168,"column":0},"end":{"line":168,"column":37}},"168":{"start":{"line":169,"column":0},"end":{"line":169,"column":2}},"169":{"start":{"line":170,"column":0},"end":{"line":170,"column":0}},"170":{"start":{"line":171,"column":0},"end":{"line":171,"column":35}},"171":{"start":{"line":172,"column":0},"end":{"line":172,"column":45}},"172":{"start":{"line":173,"column":0},"end":{"line":173,"column":39}},"173":{"start":{"line":174,"column":0},"end":{"line":174,"column":72}},"174":{"start":{"line":175,"column":0},"end":{"line":175,"column":2}},"175":{"start":{"line":176,"column":0},"end":{"line":176,"column":0}},"176":{"start":{"line":177,"column":0},"end":{"line":177,"column":35}},"177":{"start":{"line":178,"column":0},"end":{"line":178,"column":53}},"178":{"start":{"line":179,"column":0},"end":{"line":179,"column":101}},"179":{"start":{"line":180,"column":0},"end":{"line":180,"column":2}}},"s":{"0":1,"1":1,"2":1,"3":1,"4":1,"5":1,"6":1,"7":1,"8":1,"9":10,"10":10,"11":10,"12":1,"13":1,"14":1,"15":9,"16":9,"17":1,"18":1,"19":1,"20":8,"21":8,"22":8,"23":1,"24":1,"25":1,"26":6,"27":2,"28":2,"29":2,"30":2,"31":2,"32":2,"33":1,"34":1,"35":1,"36":7,"37":4,"38":4,"39":4,"40":4,"41":4,"42":1,"43":1,"44":1,"45":4,"46":2,"47":2,"48":2,"49":2,"50":2,"51":4,"52":4,"53":1,"54":1,"55":1,"56":2,"57":2,"58":1,"59":1,"60":1,"61":2,"62":2,"63":6,"64":2,"65":2,"66":2,"67":2,"68":2,"69":2,"70":2,"71":2,"72":1,"73":1,"74":1,"75":2,"76":1,"77":1,"78":2,"79":2,"80":1,"81":1,"82":1,"83":3,"84":1,"85":1,"86":1,"87":1,"88":1,"89":8,"90":8,"91":8,"92":1,"93":1,"94":1,"95":8,"96":8,"97":8,"98":1,"99":1,"100":1,"101":6,"102":6,"103":6,"104":1,"105":1,"106":1,"107":10,"108":10,"109":10,"110":1,"111":1,"112":1,"113":6,"114":6,"115":6,"116":1,"117":1,"118":1,"119":5,"120":5,"121":5,"122":1,"123":1,"124":1,"125":6,"126":6,"127":1,"128":1,"129":1,"130":8,"131":4,"132":4,"133":1,"134":1,"135":1,"136":6,"137":6,"138":6,"139":1,"140":1,"141":1,"142":6,"143":6,"144":6,"145":6,"146":1,"147":1,"148":1,"149":7,"150":7,"151":7,"152":1,"153":1,"154":1,"155":5,"156":5,"157":5,"158":1,"159":1,"160":1,"161":6,"162":6,"163":1,"164":1,"165":1,"166":6,"167":6,"168":6,"169":1,"170":1,"171":1,"172":6,"173":6,"174":6,"175":1,"176":1,"177":1,"178":5,"179":5},"branchMap":{"0":{"type":"branch","line":9,"loc":{"start":{"line":9,"column":29},"end":{"line":12,"column":2}},"locations":[{"start":{"line":9,"column":29},"end":{"line":12,"column":2}}]},"1":{"type":"branch","line":15,"loc":{"start":{"line":15,"column":32},"end":{"line":17,"column":2}},"locations":[{"start":{"line":15,"column":32},"end":{"line":17,"column":2}}]},"2":{"type":"branch","line":16,"loc":{"start":{"line":16,"column":26},"end":{"line":16,"column":49}},"locations":[{"start":{"line":16,"column":26},"end":{"line":16,"column":49}}]},"3":{"type":"branch","line":20,"loc":{"start":{"line":20,"column":35},"end":{"line":23,"column":2}},"locations":[{"start":{"line":20,"column":35},"end":{"line":23,"column":2}}]},"4":{"type":"branch","line":26,"loc":{"start":{"line":26,"column":27},"end":{"line":33,"column":2}},"locations":[{"start":{"line":26,"column":27},"end":{"line":33,"column":2}}]},"5":{"type":"branch","line":27,"loc":{"start":{"line":27,"column":13},"end":{"line":27,"column":28}},"locations":[{"start":{"line":27,"column":13},"end":{"line":27,"column":28}}]},"6":{"type":"branch","line":27,"loc":{"start":{"line":27,"column":30},"end":{"line":27,"column":41}},"locations":[{"start":{"line":27,"column":30},"end":{"line":27,"column":41}}]},"7":{"type":"branch","line":28,"loc":{"start":{"line":28,"column":-2},"end":{"line":33,"column":2}},"locations":[{"start":{"line":28,"column":-2},"end":{"line":33,"column":2}}]},"8":{"type":"branch","line":36,"loc":{"start":{"line":36,"column":29},"end":{"line":42,"column":2}},"locations":[{"start":{"line":36,"column":29},"end":{"line":42,"column":2}}]},"9":{"type":"branch","line":37,"loc":{"start":{"line":37,"column":17},"end":{"line":37,"column":28}},"locations":[{"start":{"line":37,"column":17},"end":{"line":37,"column":28}}]},"10":{"type":"branch","line":37,"loc":{"start":{"line":37,"column":30},"end":{"line":37,"column":39}},"locations":[{"start":{"line":37,"column":30},"end":{"line":37,"column":39}}]},"11":{"type":"branch","line":38,"loc":{"start":{"line":38,"column":-2},"end":{"line":42,"column":2}},"locations":[{"start":{"line":38,"column":-2},"end":{"line":42,"column":2}}]},"12":{"type":"branch","line":45,"loc":{"start":{"line":45,"column":36},"end":{"line":53,"column":2}},"locations":[{"start":{"line":45,"column":36},"end":{"line":53,"column":2}}]},"13":{"type":"branch","line":46,"loc":{"start":{"line":46,"column":18},"end":{"line":46,"column":33}},"locations":[{"start":{"line":46,"column":18},"end":{"line":46,"column":33}}]},"14":{"type":"branch","line":46,"loc":{"start":{"line":46,"column":35},"end":{"line":52,"column":25}},"locations":[{"start":{"line":46,"column":35},"end":{"line":52,"column":25}}]},"15":{"type":"branch","line":52,"loc":{"start":{"line":52,"column":25},"end":{"line":52,"column":44}},"locations":[{"start":{"line":52,"column":25},"end":{"line":52,"column":44}}]},"16":{"type":"branch","line":56,"loc":{"start":{"line":56,"column":26},"end":{"line":58,"column":2}},"locations":[{"start":{"line":56,"column":26},"end":{"line":58,"column":2}}]},"17":{"type":"branch","line":61,"loc":{"start":{"line":61,"column":38},"end":{"line":72,"column":2}},"locations":[{"start":{"line":61,"column":38},"end":{"line":72,"column":2}}]},"18":{"type":"branch","line":63,"loc":{"start":{"line":63,"column":17},"end":{"line":67,"column":3}},"locations":[{"start":{"line":63,"column":17},"end":{"line":67,"column":3}}]},"19":{"type":"branch","line":64,"loc":{"start":{"line":64,"column":21},"end":{"line":64,"column":60}},"locations":[{"start":{"line":64,"column":21},"end":{"line":64,"column":60}}]},"20":{"type":"branch","line":64,"loc":{"start":{"line":64,"column":62},"end":{"line":66,"column":5}},"locations":[{"start":{"line":64,"column":62},"end":{"line":66,"column":5}}]},"21":{"type":"branch","line":75,"loc":{"start":{"line":75,"column":37},"end":{"line":80,"column":2}},"locations":[{"start":{"line":75,"column":37},"end":{"line":80,"column":2}}]},"22":{"type":"branch","line":76,"loc":{"start":{"line":76,"column":15},"end":{"line":76,"column":48}},"locations":[{"start":{"line":76,"column":15},"end":{"line":76,"column":48}}]},"23":{"type":"branch","line":76,"loc":{"start":{"line":76,"column":50},"end":{"line":78,"column":3}},"locations":[{"start":{"line":76,"column":50},"end":{"line":78,"column":3}}]},"24":{"type":"branch","line":77,"loc":{"start":{"line":77,"column":27},"end":{"line":77,"column":51}},"locations":[{"start":{"line":77,"column":27},"end":{"line":77,"column":51}}]},"25":{"type":"branch","line":83,"loc":{"start":{"line":83,"column":26},"end":{"line":86,"column":2}},"locations":[{"start":{"line":83,"column":26},"end":{"line":86,"column":2}}]},"26":{"type":"branch","line":84,"loc":{"start":{"line":84,"column":13},"end":{"line":84,"column":23}},"locations":[{"start":{"line":84,"column":13},"end":{"line":84,"column":23}}]},"27":{"type":"branch","line":85,"loc":{"start":{"line":85,"column":-2},"end":{"line":86,"column":2}},"locations":[{"start":{"line":85,"column":-2},"end":{"line":86,"column":2}}]},"28":{"type":"branch","line":89,"loc":{"start":{"line":89,"column":29},"end":{"line":92,"column":2}},"locations":[{"start":{"line":89,"column":29},"end":{"line":92,"column":2}}]},"29":{"type":"branch","line":95,"loc":{"start":{"line":95,"column":32},"end":{"line":98,"column":2}},"locations":[{"start":{"line":95,"column":32},"end":{"line":98,"column":2}}]},"30":{"type":"branch","line":101,"loc":{"start":{"line":101,"column":36},"end":{"line":104,"column":2}},"locations":[{"start":{"line":101,"column":36},"end":{"line":104,"column":2}}]},"31":{"type":"branch","line":107,"loc":{"start":{"line":107,"column":29},"end":{"line":110,"column":2}},"locations":[{"start":{"line":107,"column":29},"end":{"line":110,"column":2}}]},"32":{"type":"branch","line":109,"loc":{"start":{"line":109,"column":23},"end":{"line":109,"column":39}},"locations":[{"start":{"line":109,"column":23},"end":{"line":109,"column":39}}]},"33":{"type":"branch","line":113,"loc":{"start":{"line":113,"column":37},"end":{"line":116,"column":2}},"locations":[{"start":{"line":113,"column":37},"end":{"line":116,"column":2}}]},"34":{"type":"branch","line":119,"loc":{"start":{"line":119,"column":37},"end":{"line":122,"column":2}},"locations":[{"start":{"line":119,"column":37},"end":{"line":122,"column":2}}]},"35":{"type":"branch","line":125,"loc":{"start":{"line":125,"column":32},"end":{"line":127,"column":2}},"locations":[{"start":{"line":125,"column":32},"end":{"line":127,"column":2}}]},"36":{"type":"branch","line":126,"loc":{"start":{"line":126,"column":26},"end":{"line":126,"column":55}},"locations":[{"start":{"line":126,"column":26},"end":{"line":126,"column":55}}]},"37":{"type":"branch","line":130,"loc":{"start":{"line":130,"column":35},"end":{"line":133,"column":2}},"locations":[{"start":{"line":130,"column":35},"end":{"line":133,"column":2}}]},"38":{"type":"branch","line":131,"loc":{"start":{"line":131,"column":19},"end":{"line":131,"column":27}},"locations":[{"start":{"line":131,"column":19},"end":{"line":131,"column":27}}]},"39":{"type":"branch","line":131,"loc":{"start":{"line":131,"column":28},"end":{"line":131,"column":47}},"locations":[{"start":{"line":131,"column":28},"end":{"line":131,"column":47}}]},"40":{"type":"branch","line":131,"loc":{"start":{"line":131,"column":48},"end":{"line":131,"column":60}},"locations":[{"start":{"line":131,"column":48},"end":{"line":131,"column":60}}]},"41":{"type":"branch","line":131,"loc":{"start":{"line":131,"column":62},"end":{"line":133,"column":2}},"locations":[{"start":{"line":131,"column":62},"end":{"line":133,"column":2}}]},"42":{"type":"branch","line":136,"loc":{"start":{"line":136,"column":40},"end":{"line":139,"column":2}},"locations":[{"start":{"line":136,"column":40},"end":{"line":139,"column":2}}]},"43":{"type":"branch","line":137,"loc":{"start":{"line":137,"column":15},"end":{"line":137,"column":30}},"locations":[{"start":{"line":137,"column":15},"end":{"line":137,"column":30}}]},"44":{"type":"branch","line":137,"loc":{"start":{"line":137,"column":32},"end":{"line":137,"column":45}},"locations":[{"start":{"line":137,"column":32},"end":{"line":137,"column":45}}]},"45":{"type":"branch","line":138,"loc":{"start":{"line":138,"column":-2},"end":{"line":138,"column":39}},"locations":[{"start":{"line":138,"column":-2},"end":{"line":138,"column":39}}]},"46":{"type":"branch","line":138,"loc":{"start":{"line":138,"column":39},"end":{"line":138,"column":69}},"locations":[{"start":{"line":138,"column":39},"end":{"line":138,"column":69}}]},"47":{"type":"branch","line":142,"loc":{"start":{"line":142,"column":28},"end":{"line":146,"column":2}},"locations":[{"start":{"line":142,"column":28},"end":{"line":146,"column":2}}]},"48":{"type":"branch","line":145,"loc":{"start":{"line":145,"column":25},"end":{"line":145,"column":54}},"locations":[{"start":{"line":145,"column":25},"end":{"line":145,"column":54}}]},"49":{"type":"branch","line":149,"loc":{"start":{"line":149,"column":29},"end":{"line":152,"column":2}},"locations":[{"start":{"line":149,"column":29},"end":{"line":152,"column":2}}]},"50":{"type":"branch","line":151,"loc":{"start":{"line":151,"column":26},"end":{"line":151,"column":41}},"locations":[{"start":{"line":151,"column":26},"end":{"line":151,"column":41}}]},"51":{"type":"branch","line":151,"loc":{"start":{"line":151,"column":42},"end":{"line":151,"column":65}},"locations":[{"start":{"line":151,"column":42},"end":{"line":151,"column":65}}]},"52":{"type":"branch","line":155,"loc":{"start":{"line":155,"column":36},"end":{"line":158,"column":2}},"locations":[{"start":{"line":155,"column":36},"end":{"line":158,"column":2}}]},"53":{"type":"branch","line":161,"loc":{"start":{"line":161,"column":36},"end":{"line":163,"column":2}},"locations":[{"start":{"line":161,"column":36},"end":{"line":163,"column":2}}]},"54":{"type":"branch","line":162,"loc":{"start":{"line":162,"column":23},"end":{"line":162,"column":50}},"locations":[{"start":{"line":162,"column":23},"end":{"line":162,"column":50}}]},"55":{"type":"branch","line":162,"loc":{"start":{"line":162,"column":51},"end":{"line":162,"column":79}},"locations":[{"start":{"line":162,"column":51},"end":{"line":162,"column":79}}]},"56":{"type":"branch","line":166,"loc":{"start":{"line":166,"column":36},"end":{"line":169,"column":2}},"locations":[{"start":{"line":166,"column":36},"end":{"line":169,"column":2}}]},"57":{"type":"branch","line":172,"loc":{"start":{"line":172,"column":31},"end":{"line":175,"column":2}},"locations":[{"start":{"line":172,"column":31},"end":{"line":175,"column":2}}]},"58":{"type":"branch","line":174,"loc":{"start":{"line":174,"column":28},"end":{"line":174,"column":46}},"locations":[{"start":{"line":174,"column":28},"end":{"line":174,"column":46}}]},"59":{"type":"branch","line":174,"loc":{"start":{"line":174,"column":47},"end":{"line":174,"column":71}},"locations":[{"start":{"line":174,"column":47},"end":{"line":174,"column":71}}]},"60":{"type":"branch","line":178,"loc":{"start":{"line":178,"column":35},"end":{"line":180,"column":2}},"locations":[{"start":{"line":178,"column":35},"end":{"line":180,"column":2}}]},"61":{"type":"branch","line":179,"loc":{"start":{"line":179,"column":29},"end":{"line":179,"column":63}},"locations":[{"start":{"line":179,"column":29},"end":{"line":179,"column":63}}]},"62":{"type":"branch","line":179,"loc":{"start":{"line":179,"column":64},"end":{"line":179,"column":99}},"locations":[{"start":{"line":179,"column":64},"end":{"line":179,"column":99}}]}},"b":{"0":[10],"1":[9],"2":[6],"3":[8],"4":[6],"5":[3],"6":[4],"7":[2],"8":[7],"9":[5],"10":[3],"11":[4],"12":[4],"13":[3],"14":[2],"15":[1],"16":[2],"17":[2],"18":[6],"19":[4],"20":[2],"21":[2],"22":[1],"23":[1],"24":[0],"25":[3],"26":[2],"27":[1],"28":[8],"29":[8],"30":[6],"31":[10],"32":[6],"33":[6],"34":[5],"35":[6],"36":[4],"37":[8],"38":[7],"39":[6],"40":[5],"41":[4],"42":[6],"43":[5],"44":[2],"45":[4],"46":[3],"47":[6],"48":[4],"49":[7],"50":[6],"51":[4],"52":[5],"53":[6],"54":[5],"55":[4],"56":[6],"57":[6],"58":[5],"59":[4],"60":[5],"61":[4],"62":[3]},"fnMap":{"0":{"name":"validateEmail","decl":{"start":{"line":9,"column":29},"end":{"line":12,"column":2}},"loc":{"start":{"line":9,"column":29},"end":{"line":12,"column":2}},"line":9},"1":{"name":"validatePassword","decl":{"start":{"line":15,"column":32},"end":{"line":17,"column":2}},"loc":{"start":{"line":15,"column":32},"end":{"line":17,"column":2}},"line":15},"2":{"name":"validatePhoneNumber","decl":{"start":{"line":20,"column":35},"end":{"line":23,"column":2}},"loc":{"start":{"line":20,"column":35},"end":{"line":23,"column":2}},"line":20},"3":{"name":"formatPrice","decl":{"start":{"line":26,"column":27},"end":{"line":33,"column":2}},"loc":{"start":{"line":26,"column":27},"end":{"line":33,"column":2}},"line":26},"4":{"name":"calculateDays","decl":{"start":{"line":36,"column":29},"end":{"line":42,"column":2}},"loc":{"start":{"line":36,"column":29},"end":{"line":42,"column":2}},"line":36},"5":{"name":"validateBookingDates","decl":{"start":{"line":45,"column":36},"end":{"line":53,"column":2}},"loc":{"start":{"line":45,"column":36},"end":{"line":53,"column":2}},"line":45},"6":{"name":"generateId","decl":{"start":{"line":56,"column":26},"end":{"line":58,"column":2}},"loc":{"start":{"line":56,"column":26},"end":{"line":58,"column":2}},"line":56},"7":{"name":"validateRequiredFields","decl":{"start":{"line":61,"column":38},"end":{"line":72,"column":2}},"loc":{"start":{"line":61,"column":38},"end":{"line":72,"column":2}},"line":61},"8":{"name":"handleValidationError","decl":{"start":{"line":75,"column":37},"end":{"line":80,"column":2}},"loc":{"start":{"line":75,"column":37},"end":{"line":80,"column":2}},"line":75},"9":{"name":"formatDate","decl":{"start":{"line":83,"column":26},"end":{"line":86,"column":2}},"loc":{"start":{"line":83,"column":26},"end":{"line":86,"column":2}},"line":83},"10":{"name":"validateBrand","decl":{"start":{"line":89,"column":29},"end":{"line":92,"column":2}},"loc":{"start":{"line":89,"column":29},"end":{"line":92,"column":2}},"line":89},"11":{"name":"validateFuelType","decl":{"start":{"line":95,"column":32},"end":{"line":98,"column":2}},"loc":{"start":{"line":95,"column":32},"end":{"line":98,"column":2}},"line":95},"12":{"name":"validateTransmission","decl":{"start":{"line":101,"column":36},"end":{"line":104,"column":2}},"loc":{"start":{"line":101,"column":36},"end":{"line":104,"column":2}},"line":101},"13":{"name":"validateSeats","decl":{"start":{"line":107,"column":29},"end":{"line":110,"column":2}},"loc":{"start":{"line":107,"column":29},"end":{"line":110,"column":2}},"line":107},"14":{"name":"validateBookingStatus","decl":{"start":{"line":113,"column":37},"end":{"line":116,"column":2}},"loc":{"start":{"line":113,"column":37},"end":{"line":116,"column":2}},"line":113},"15":{"name":"validateVehicleStatus","decl":{"start":{"line":119,"column":37},"end":{"line":122,"column":2}},"loc":{"start":{"line":119,"column":37},"end":{"line":122,"column":2}},"line":119},"16":{"name":"validateLocation","decl":{"start":{"line":125,"column":32},"end":{"line":127,"column":2}},"loc":{"start":{"line":125,"column":32},"end":{"line":127,"column":2}},"line":125},"17":{"name":"calculateTotalPrice","decl":{"start":{"line":130,"column":35},"end":{"line":133,"column":2}},"loc":{"start":{"line":130,"column":35},"end":{"line":133,"column":2}},"line":130},"18":{"name":"checkVehicleAvailability","decl":{"start":{"line":136,"column":40},"end":{"line":139,"column":2}},"loc":{"start":{"line":136,"column":40},"end":{"line":139,"column":2}},"line":136},"19":{"name":"validateYear","decl":{"start":{"line":142,"column":28},"end":{"line":146,"column":2}},"loc":{"start":{"line":142,"column":28},"end":{"line":146,"column":2}},"line":142},"20":{"name":"validatePrice","decl":{"start":{"line":149,"column":29},"end":{"line":152,"column":2}},"loc":{"start":{"line":149,"column":29},"end":{"line":152,"column":2}},"line":149},"21":{"name":"validateLicensePlate","decl":{"start":{"line":155,"column":36},"end":{"line":158,"column":2}},"loc":{"start":{"line":155,"column":36},"end":{"line":158,"column":2}},"line":155},"22":{"name":"validateVehicleModel","decl":{"start":{"line":161,"column":36},"end":{"line":163,"column":2}},"loc":{"start":{"line":161,"column":36},"end":{"line":163,"column":2}},"line":161},"23":{"name":"validateVehicleColor","decl":{"start":{"line":166,"column":36},"end":{"line":169,"column":2}},"loc":{"start":{"line":166,"column":36},"end":{"line":169,"column":2}},"line":166},"24":{"name":"validateMileage","decl":{"start":{"line":172,"column":31},"end":{"line":175,"column":2}},"loc":{"start":{"line":172,"column":31},"end":{"line":175,"column":2}},"line":172},"25":{"name":"validateDescription","decl":{"start":{"line":178,"column":35},"end":{"line":180,"column":2}},"loc":{"start":{"line":178,"column":35},"end":{"line":180,"column":2}},"line":178}},"f":{"0":10,"1":9,"2":8,"3":6,"4":7,"5":4,"6":2,"7":2,"8":2,"9":3,"10":8,"11":8,"12":6,"13":10,"14":6,"15":5,"16":6,"17":8,"18":6,"19":6,"20":7,"21":5,"22":6,"23":6,"24":6,"25":5}}
}
