TN:
SF:src\utils\validation.js
FN:9,validateEmail
FN:15,validatePassword
FN:20,validatePhoneNumber
FN:26,formatPrice
FN:36,calculateDays
FN:45,validateBookingDates
FN:56,generateId
FN:61,validateRequiredFields
FN:75,handleValidationError
FN:83,formatDate
FN:89,validateBrand
FN:95,validateFuelType
FN:101,validateTransmission
FN:107,validateSeats
FN:113,validateBookingStatus
FN:119,validateVehicleStatus
FN:125,validateLocation
FN:130,calculateTotalPrice
FN:136,checkVehicleAvailability
FN:142,validateYear
FN:149,validatePrice
FN:155,validateLicensePlate
FN:161,validateVehicleModel
FN:166,validateVehicleColor
FN:172,validateMileage
FN:178,validateDescription
FNF:26
FNH:26
FNDA:10,validateEmail
FNDA:9,validatePassword
FNDA:8,validatePhoneNumber
FNDA:6,formatPrice
FNDA:7,calculateDays
FNDA:4,validateBookingDates
FNDA:2,generateId
FNDA:2,validateRequiredFields
FNDA:2,handleValidationError
FNDA:3,formatDate
FNDA:8,validateBrand
FNDA:8,validateFuelType
FNDA:6,validateTransmission
FNDA:10,validateSeats
FNDA:6,validateBookingStatus
FNDA:5,validateVehicleStatus
FNDA:6,validateLocation
FNDA:8,calculateTotalPrice
FNDA:6,checkVehicleAvailability
FNDA:6,validateYear
FNDA:7,validatePrice
FNDA:5,validateLicensePlate
FNDA:6,validateVehicleModel
FNDA:6,validateVehicleColor
FNDA:6,validateMileage
FNDA:5,validateDescription
DA:1,1
DA:2,1
DA:3,1
DA:4,1
DA:5,1
DA:6,1
DA:7,1
DA:8,1
DA:9,1
DA:10,10
DA:11,10
DA:12,10
DA:13,1
DA:14,1
DA:15,1
DA:16,9
DA:17,9
DA:18,1
DA:19,1
DA:20,1
DA:21,8
DA:22,8
DA:23,8
DA:24,1
DA:25,1
DA:26,1
DA:27,6
DA:28,2
DA:29,2
DA:30,2
DA:31,2
DA:32,2
DA:33,2
DA:34,1
DA:35,1
DA:36,1
DA:37,7
DA:38,4
DA:39,4
DA:40,4
DA:41,4
DA:42,4
DA:43,1
DA:44,1
DA:45,1
DA:46,4
DA:47,2
DA:48,2
DA:49,2
DA:50,2
DA:51,2
DA:52,4
DA:53,4
DA:54,1
DA:55,1
DA:56,1
DA:57,2
DA:58,2
DA:59,1
DA:60,1
DA:61,1
DA:62,2
DA:63,2
DA:64,6
DA:65,2
DA:66,2
DA:67,2
DA:68,2
DA:69,2
DA:70,2
DA:71,2
DA:72,2
DA:73,1
DA:74,1
DA:75,1
DA:76,2
DA:77,1
DA:78,1
DA:79,2
DA:80,2
DA:81,1
DA:82,1
DA:83,1
DA:84,3
DA:85,1
DA:86,1
DA:87,1
DA:88,1
DA:89,1
DA:90,8
DA:91,8
DA:92,8
DA:93,1
DA:94,1
DA:95,1
DA:96,8
DA:97,8
DA:98,8
DA:99,1
DA:100,1
DA:101,1
DA:102,6
DA:103,6
DA:104,6
DA:105,1
DA:106,1
DA:107,1
DA:108,10
DA:109,10
DA:110,10
DA:111,1
DA:112,1
DA:113,1
DA:114,6
DA:115,6
DA:116,6
DA:117,1
DA:118,1
DA:119,1
DA:120,5
DA:121,5
DA:122,5
DA:123,1
DA:124,1
DA:125,1
DA:126,6
DA:127,6
DA:128,1
DA:129,1
DA:130,1
DA:131,8
DA:132,4
DA:133,4
DA:134,1
DA:135,1
DA:136,1
DA:137,6
DA:138,6
DA:139,6
DA:140,1
DA:141,1
DA:142,1
DA:143,6
DA:144,6
DA:145,6
DA:146,6
DA:147,1
DA:148,1
DA:149,1
DA:150,7
DA:151,7
DA:152,7
DA:153,1
DA:154,1
DA:155,1
DA:156,5
DA:157,5
DA:158,5
DA:159,1
DA:160,1
DA:161,1
DA:162,6
DA:163,6
DA:164,1
DA:165,1
DA:166,1
DA:167,6
DA:168,6
DA:169,6
DA:170,1
DA:171,1
DA:172,1
DA:173,6
DA:174,6
DA:175,6
DA:176,1
DA:177,1
DA:178,1
DA:179,5
DA:180,5
LF:180
LH:180
BRDA:9,0,0,10
BRDA:15,1,0,9
BRDA:16,2,0,6
BRDA:20,3,0,8
BRDA:26,4,0,6
BRDA:27,5,0,3
BRDA:27,6,0,4
BRDA:28,7,0,2
BRDA:36,8,0,7
BRDA:37,9,0,5
BRDA:37,10,0,3
BRDA:38,11,0,4
BRDA:45,12,0,4
BRDA:46,13,0,3
BRDA:46,14,0,2
BRDA:52,15,0,1
BRDA:56,16,0,2
BRDA:61,17,0,2
BRDA:63,18,0,6
BRDA:64,19,0,4
BRDA:64,20,0,2
BRDA:75,21,0,2
BRDA:76,22,0,1
BRDA:76,23,0,1
BRDA:77,24,0,0
BRDA:83,25,0,3
BRDA:84,26,0,2
BRDA:85,27,0,1
BRDA:89,28,0,8
BRDA:95,29,0,8
BRDA:101,30,0,6
BRDA:107,31,0,10
BRDA:109,32,0,6
BRDA:113,33,0,6
BRDA:119,34,0,5
BRDA:125,35,0,6
BRDA:126,36,0,4
BRDA:130,37,0,8
BRDA:131,38,0,7
BRDA:131,39,0,6
BRDA:131,40,0,5
BRDA:131,41,0,4
BRDA:136,42,0,6
BRDA:137,43,0,5
BRDA:137,44,0,2
BRDA:138,45,0,4
BRDA:138,46,0,3
BRDA:142,47,0,6
BRDA:145,48,0,4
BRDA:149,49,0,7
BRDA:151,50,0,6
BRDA:151,51,0,4
BRDA:155,52,0,5
BRDA:161,53,0,6
BRDA:162,54,0,5
BRDA:162,55,0,4
BRDA:166,56,0,6
BRDA:172,57,0,6
BRDA:174,58,0,5
BRDA:174,59,0,4
BRDA:178,60,0,5
BRDA:179,61,0,4
BRDA:179,62,0,3
BRF:63
BRH:62
end_of_record
